<?xml version="1.0" encoding="UTF-8"?>
<testsuite xmlns:xsi="http://www.w3.org/2001/XMLSchema-instance" xsi:noNamespaceSchemaLocation="https://maven.apache.org/surefire/maven-surefire-plugin/xsd/surefire-test-report.xsd" name="cucumber_options.TestRunner" time="13.04" tests="3" errors="0" skipped="0" failures="0">
  <properties>
[...]
</properties>
  <testcase name="Verify if Place is being successfully added using AddPlaceAPI #1" classname="Validating Place API&apos;s" time="4.9"/>
  <testcase name="Verify if Place is being successfully added using AddPlaceAPI #2" classname="Validating Place API&apos;s" time="4.561"/>
  <testcase name="Verify if Delete PLace functionality is working" classname="Validating Place API&apos;s" time="3.561"/>
</testsuite>